<?xml version="1.0" encoding="UTF-8"?>
<!-- Generated by org.testng.reporters.JUnitReportReporter -->
<testsuite hostname="bynry01-ThinkCentre-M90" name="com.qa.testcases.DashboardTest" tests="1" failures="0" timestamp="12 Dec 2018 11:14:52 GMT" time="10.122" errors="0">
  <testcase name="DashboardPageTitleTest" time="10.122" classname="com.qa.testcases.DashboardTest"/>
</testsuite> <!-- com.qa.testcases.DashboardTest -->
