<?xml version="1.0" encoding="UTF-8"?>
<!-- Generated by org.testng.reporters.JUnitReportReporter -->
<testsuite hostname="bynry01-ThinkCentre-M90" name="com.qa.testcases.LoginpageTest" tests="4" failures="0" timestamp="12 Dec 2018 11:14:52 GMT" time="69.670" errors="0">
  <testcase name="loginPageLogoTest" time="27.828" classname="com.qa.testcases.LoginpageTest"/>
  <testcase name="loginPageFormTitle" time="19.893" classname="com.qa.testcases.LoginpageTest"/>
  <testcase name="loginPageTitleTest" time="11.628" classname="com.qa.testcases.LoginpageTest"/>
  <testcase name="loginTest" time="10.321" classname="com.qa.testcases.LoginpageTest"/>
</testsuite> <!-- com.qa.testcases.LoginpageTest -->
